64500180614476022215
6015157999
8649447447
-1482861927
53407109230455895470
7769329982437289940
1779324349
-4523730528969931309
-3341897130
-3776652740
2927035903
-14376422814
-13179488195
4212043213
-5626607645
-27012195991517522708
52045601238041894932
3482356116
-3218950595
-1324100633560943535
-700302825
-5494368000691838632
2822388540
5718740830
7423579141
8067064389
17792959986357224184
-10908086213
-18039565149
61607702599800962020
-13489137869
12368049814
-11705476303
449922074
4741666033
-2705021778
14177791673
-1822794839031889888
7469997389
-32622807721236028160
-1582225429850741800
-14892933531
1172265578
4356895565
