64500180614476022215
6015157999
8649447447
-1482861927
53407109230455895470
7769329982437289940
-4821797325
-4523730528969931309
-3341897130
-3776652740
2927035903
1-124376422814
-13179488195
4212043213
-5626607645
-27012195991517522708
4244333186798041894932
5001882132
-92050710056
-1324100633560943535
-700302825
-5494368000691838632
2822388540
5718740830
7423579141
8067064389
17792959986357224184
1-120908086213
-18039565149
8906207483629800962020
1-123489137869
12368049814
-11705476303
449922074
4741666033
-2705021778
14177791673
-1822794839031889888
7469997389
-32622807721236028160